[debug] [2017-11-23T02:40:16.089Z] ----------------------------------------------------------------------
[debug] [2017-11-23T02:40:16.091Z] Command:       C:\Program Files\nodejs\node.exe C:\Users\Danie\AppData\Roaming\npm\node_modules\firebase-tools\bin\firebase serve
[debug] [2017-11-23T02:40:16.091Z] CLI Version:   3.15.3
[debug] [2017-11-23T02:40:16.091Z] Platform:      win32
[debug] [2017-11-23T02:40:16.091Z] Node Version:  v8.9.1
[debug] [2017-11-23T02:40:16.091Z] Time:          Wed Nov 22 2017 18:40:16 GMT-0800 (Pacific Standard Time)
[debug] [2017-11-23T02:40:16.091Z] ----------------------------------------------------------------------
[debug] 
[debug] [2017-11-23T02:40:16.105Z] > command requires scopes: ["email","openid","https://www.googleapis.com/auth/cloudplatformprojects.readonly","https://www.googleapis.com/auth/firebase","https://www.googleapis.com/auth/cloud-platform"]
[debug] [2017-11-23T02:40:16.105Z] > authorizing via signed-in user
[debug] [2017-11-23T02:40:16.106Z] > refreshing access token with scopes: ["email","https://www.googleapis.com/auth/cloud-platform","https://www.googleapis.com/auth/cloudplatformprojects.readonly","https://www.googleapis.com/auth/firebase","openid"]
[debug] [2017-11-23T02:40:16.107Z] >>> HTTP REQUEST POST https://www.googleapis.com/oauth2/v3/token { refresh_token: '1/4cSE9TBk08F38se3D3cQ8klebK5eOz6VagRZSMMGOgA',
  client_id: '563584335869-fgrhgmd47bqnekij5i8b5pr03ho849e6.apps.googleusercontent.com',
  client_secret: 'j9iVZfS8kkCEFUPaAeJV0sAi',
  grant_type: 'refresh_token',
  scope: 'email https://www.googleapis.com/auth/cloud-platform https://www.googleapis.com/auth/cloudplatformprojects.readonly https://www.googleapis.com/auth/firebase openid' } 
 Wed Nov 22 2017 18:40:16 GMT-0800 (Pacific Standard Time)
[debug] [2017-11-23T02:40:16.393Z] <<< HTTP RESPONSE 200
[debug] [2017-11-23T02:40:16.408Z] >>> HTTP REQUEST GET https://admin.firebase.com/v1/projects/beach-hacks-live  
 Wed Nov 22 2017 18:40:16 GMT-0800 (Pacific Standard Time)
[debug] [2017-11-23T02:40:17.019Z] <<< HTTP RESPONSE 200
[debug] [2017-11-23T02:40:17.021Z] >>> HTTP REQUEST GET https://admin.firebase.com/v1/database/beach-hacks-live/tokens  
 Wed Nov 22 2017 18:40:17 GMT-0800 (Pacific Standard Time)
[debug] [2017-11-23T02:40:17.600Z] <<< HTTP RESPONSE 200
[info] 
[info] === Serving from 'C:\Users\Danie\Desktop\WebDev\beachhacks-live'...
[info] 
[debug] [2017-11-23T02:40:17.612Z] >>> HTTP REQUEST GET https://cloudresourcemanager.googleapis.com/v1/projects/beach-hacks-live  
 Wed Nov 22 2017 18:40:17 GMT-0800 (Pacific Standard Time)
[debug] [2017-11-23T02:40:18.176Z] <<< HTTP RESPONSE 200
[debug] [2017-11-23T02:40:18.176Z] >>> HTTP REQUEST GET https://mobilesdk-pa.googleapis.com/v1/projects/1057807344162/clients/_:getWebAppConfig  
 Wed Nov 22 2017 18:40:18 GMT-0800 (Pacific Standard Time)
[debug] [2017-11-23T02:40:18.629Z] <<< HTTP RESPONSE 200
[info] i  hosting: Serving hosting files from: public
[info] +  hosting: Local server: http://localhost:5000

